android/build/intermediates/manifest_merge_blame_file/debug/manifest-merger-blame-debug-report.txt
1<?xml version="1.0" encoding="utf-8"?>
2<manifest xmlns:android="http://schemas.android.com/apk/res/android"
3    package="com.mygdx.game"
4    android:versionCode="1"
5    android:versionName="1.0" >
6
7    <uses-sdk
8        android:minSdkVersion="14"
8-->TA1\android\AndroidManifest.xml
9        android:targetSdkVersion="33" />
9-->TA1\android\AndroidManifest.xml
10
11    <uses-feature
11-->TA1\android\AndroidManifest.xml:6:5-78
12        android:glEsVersion="0x00020000"
12-->TA1\android\AndroidManifest.xml:6:19-51
13        android:required="true" />
13-->TA1\android\AndroidManifest.xml:6:52-75
14
15    <application
15-->TA1\android\AndroidManifest.xml:8:5-27:19
16        android:allowBackup="true"
16-->TA1\android\AndroidManifest.xml:9:9-35
17        android:appCategory="game"
17-->TA1\android\AndroidManifest.xml:13:9-35
18        android:debuggable="true"
19        android:fullBackupContent="true"
19-->TA1\android\AndroidManifest.xml:10:9-41
20        android:icon="@drawable/ic_launcher"
20-->TA1\android\AndroidManifest.xml:11:9-45
21        android:isGame="true"
21-->TA1\android\AndroidManifest.xml:12:9-30
22        android:label="@string/app_name" >
22-->TA1\android\AndroidManifest.xml:14:9-41
23        <activity
23-->TA1\android\AndroidManifest.xml:16:9-26:20
24            android:name="com.mygdx.game.AndroidLauncher"
24-->TA1\android\AndroidManifest.xml:17:13-58
25            android:configChanges="keyboard|keyboardHidden|navigation|orientation|screenSize|screenLayout"
25-->TA1\android\AndroidManifest.xml:20:13-107
26            android:exported="true"
26-->TA1\android\AndroidManifest.xml:21:13-36
27            android:label="@string/app_name"
27-->TA1\android\AndroidManifest.xml:18:13-45
28            android:screenOrientation="landscape" >
28-->TA1\android\AndroidManifest.xml:19:13-50
29            <intent-filter>
29-->TA1\android\AndroidManifest.xml:22:13-25:29
30                <action android:name="android.intent.action.MAIN" />
30-->TA1\android\AndroidManifest.xml:23:17-69
30-->TA1\android\AndroidManifest.xml:23:25-66
31
32                <category android:name="android.intent.category.LAUNCHER" />
32-->TA1\android\AndroidManifest.xml:24:17-77
32-->TA1\android\AndroidManifest.xml:24:27-74
33            </intent-filter>
34        </activity>
35    </application>
36
37</manifest>